mode: set
github/k-tsurumaki/quilldeck/internal/domain/models/document.go:27.103,37.2 1 0
github/k-tsurumaki/quilldeck/internal/domain/models/document.go:39.37,40.26 1 0
github/k-tsurumaki/quilldeck/internal/domain/models/document.go:40.26,42.3 1 0
github/k-tsurumaki/quilldeck/internal/domain/models/document.go:43.2,43.19 1 0
github/k-tsurumaki/quilldeck/internal/domain/models/document.go:43.19,45.3 1 0
github/k-tsurumaki/quilldeck/internal/domain/models/document.go:46.2,46.21 1 0
github/k-tsurumaki/quilldeck/internal/domain/models/document.go:46.21,48.3 1 0
github/k-tsurumaki/quilldeck/internal/domain/models/document.go:49.2,49.59 1 0
github/k-tsurumaki/quilldeck/internal/domain/models/document.go:49.59,51.3 1 0
github/k-tsurumaki/quilldeck/internal/domain/models/document.go:52.2,52.12 1 0
github/k-tsurumaki/quilldeck/internal/domain/models/document.go:55.36,58.2 2 0
github/k-tsurumaki/quilldeck/internal/domain/models/document.go:60.39,62.2 1 0
github/k-tsurumaki/quilldeck/internal/domain/models/summary.go:27.105,37.2 1 0
github/k-tsurumaki/quilldeck/internal/domain/models/summary.go:39.36,40.30 1 0
github/k-tsurumaki/quilldeck/internal/domain/models/summary.go:40.30,42.3 1 0
github/k-tsurumaki/quilldeck/internal/domain/models/summary.go:43.2,43.21 1 0
github/k-tsurumaki/quilldeck/internal/domain/models/summary.go:43.21,45.3 1 0
github/k-tsurumaki/quilldeck/internal/domain/models/summary.go:46.2,46.104 1 0
github/k-tsurumaki/quilldeck/internal/domain/models/summary.go:46.104,48.3 1 0
github/k-tsurumaki/quilldeck/internal/domain/models/summary.go:49.2,49.12 1 0
github/k-tsurumaki/quilldeck/internal/domain/models/summary.go:52.49,55.2 2 0
github/k-tsurumaki/quilldeck/internal/domain/models/user.go:18.50,27.2 1 0
github/k-tsurumaki/quilldeck/internal/domain/models/user.go:29.33,30.19 1 0
github/k-tsurumaki/quilldeck/internal/domain/models/user.go:30.19,32.3 1 0
github/k-tsurumaki/quilldeck/internal/domain/models/user.go:33.2,33.22 1 0
github/k-tsurumaki/quilldeck/internal/domain/models/user.go:33.22,35.3 1 0
github/k-tsurumaki/quilldeck/internal/domain/models/user.go:36.2,36.18 1 0
github/k-tsurumaki/quilldeck/internal/domain/models/user.go:36.18,38.3 1 0
github/k-tsurumaki/quilldeck/internal/domain/models/user.go:39.2,39.12 1 0
github/k-tsurumaki/quilldeck/internal/domain/models/user.go:47.42,49.2 1 0
github/k-tsurumaki/quilldeck/internal/pkg/errors/errors.go:11.35,12.18 1 0
github/k-tsurumaki/quilldeck/internal/pkg/errors/errors.go:12.18,14.3 1 0
github/k-tsurumaki/quilldeck/internal/pkg/errors/errors.go:15.2,15.49 1 0
github/k-tsurumaki/quilldeck/internal/pkg/errors/errors.go:18.42,20.2 1 0
github/k-tsurumaki/quilldeck/internal/pkg/errors/errors.go:22.54,24.2 1 0
github/k-tsurumaki/quilldeck/internal/domain/service/auth.go:18.70,20.2 1 0
github/k-tsurumaki/quilldeck/internal/domain/service/auth.go:22.105,24.39 2 0
github/k-tsurumaki/quilldeck/internal/domain/service/auth.go:24.39,26.3 1 0
github/k-tsurumaki/quilldeck/internal/domain/service/auth.go:28.2,31.40 3 0
github/k-tsurumaki/quilldeck/internal/domain/service/auth.go:31.40,33.3 1 0
github/k-tsurumaki/quilldeck/internal/domain/service/auth.go:35.2,35.53 1 0
github/k-tsurumaki/quilldeck/internal/domain/service/auth.go:35.53,37.3 1 0
github/k-tsurumaki/quilldeck/internal/domain/service/auth.go:39.2,39.18 1 0
github/k-tsurumaki/quilldeck/internal/domain/service/auth.go:42.96,44.16 2 0
github/k-tsurumaki/quilldeck/internal/domain/service/auth.go:44.16,46.3 1 0
github/k-tsurumaki/quilldeck/internal/domain/service/auth.go:48.2,49.37 2 0
github/k-tsurumaki/quilldeck/internal/domain/service/auth.go:49.37,51.3 1 0
github/k-tsurumaki/quilldeck/internal/domain/service/auth.go:53.2,53.18 1 0
github/k-tsurumaki/quilldeck/internal/domain/service/auth.go:56.92,58.16 2 0
github/k-tsurumaki/quilldeck/internal/domain/service/auth.go:58.16,60.3 1 0
github/k-tsurumaki/quilldeck/internal/domain/service/auth.go:61.2,61.18 1 0
github/k-tsurumaki/quilldeck/internal/domain/service/auth.go:64.60,67.2 2 0
github/k-tsurumaki/quilldeck/internal/domain/service/document.go:18.123,23.2 1 0
github/k-tsurumaki/quilldeck/internal/domain/service/document.go:25.159,28.44 2 0
github/k-tsurumaki/quilldeck/internal/domain/service/document.go:28.44,30.3 1 0
github/k-tsurumaki/quilldeck/internal/domain/service/document.go:32.2,32.56 1 0
github/k-tsurumaki/quilldeck/internal/domain/service/document.go:32.56,34.3 1 0
github/k-tsurumaki/quilldeck/internal/domain/service/document.go:36.2,36.22 1 0
github/k-tsurumaki/quilldeck/internal/domain/service/document.go:39.108,41.16 2 0
github/k-tsurumaki/quilldeck/internal/domain/service/document.go:41.16,43.3 1 0
github/k-tsurumaki/quilldeck/internal/domain/service/document.go:44.2,44.22 1 0
github/k-tsurumaki/quilldeck/internal/domain/service/document.go:47.111,49.16 2 0
github/k-tsurumaki/quilldeck/internal/domain/service/document.go:49.16,51.3 1 0
github/k-tsurumaki/quilldeck/internal/domain/service/document.go:52.2,52.23 1 0
github/k-tsurumaki/quilldeck/internal/domain/service/document.go:55.140,57.16 2 0
github/k-tsurumaki/quilldeck/internal/domain/service/document.go:57.16,59.3 1 0
github/k-tsurumaki/quilldeck/internal/domain/service/document.go:62.2,67.43 4 0
github/k-tsurumaki/quilldeck/internal/domain/service/document.go:67.43,69.3 1 0
github/k-tsurumaki/quilldeck/internal/domain/service/document.go:71.2,71.59 1 0
github/k-tsurumaki/quilldeck/internal/domain/service/document.go:71.59,73.3 1 0
github/k-tsurumaki/quilldeck/internal/domain/service/document.go:76.2,77.56 2 0
github/k-tsurumaki/quilldeck/internal/domain/service/document.go:77.56,79.3 1 0
github/k-tsurumaki/quilldeck/internal/domain/service/document.go:81.2,81.21 1 0
github/k-tsurumaki/quilldeck/internal/domain/service/document.go:84.101,88.16 3 0
github/k-tsurumaki/quilldeck/internal/domain/service/document.go:89.33,90.19 1 0
github/k-tsurumaki/quilldeck/internal/domain/service/document.go:91.34,92.19 1 0
github/k-tsurumaki/quilldeck/internal/domain/service/document.go:93.32,94.20 1 0
github/k-tsurumaki/quilldeck/internal/domain/service/document.go:95.10,96.19 1 0
github/k-tsurumaki/quilldeck/internal/domain/service/document.go:99.2,99.36 1 0
github/k-tsurumaki/quilldeck/internal/domain/service/document.go:99.36,101.3 1 0
github/k-tsurumaki/quilldeck/internal/domain/service/document.go:103.2,103.58 1 0
github/k-tsurumaki/quilldeck/internal/domain/service/document.go:106.68,110.29 3 0
github/k-tsurumaki/quilldeck/internal/domain/service/document.go:110.29,111.20 1 0
github/k-tsurumaki/quilldeck/internal/domain/service/document.go:111.20,113.4 1 0
github/k-tsurumaki/quilldeck/internal/domain/service/document.go:116.2,117.38 2 0
github/k-tsurumaki/quilldeck/internal/domain/service/document.go:117.38,118.16 1 0
github/k-tsurumaki/quilldeck/internal/domain/service/document.go:118.16,120.4 1 0
github/k-tsurumaki/quilldeck/internal/domain/service/document.go:123.2,123.23 1 0
github/k-tsurumaki/quilldeck/internal/domain/service/document.go:123.23,125.3 1 0
github/k-tsurumaki/quilldeck/internal/domain/service/document.go:127.2,127.17 1 0
github/k-tsurumaki/quilldeck/internal/domain/models/document.go:27.103,37.2 1 1
github/k-tsurumaki/quilldeck/internal/domain/models/document.go:39.37,40.26 1 1
github/k-tsurumaki/quilldeck/internal/domain/models/document.go:40.26,42.3 1 1
github/k-tsurumaki/quilldeck/internal/domain/models/document.go:43.2,43.19 1 1
github/k-tsurumaki/quilldeck/internal/domain/models/document.go:43.19,45.3 1 1
github/k-tsurumaki/quilldeck/internal/domain/models/document.go:46.2,46.21 1 1
github/k-tsurumaki/quilldeck/internal/domain/models/document.go:46.21,48.3 1 1
github/k-tsurumaki/quilldeck/internal/domain/models/document.go:49.2,49.59 1 1
github/k-tsurumaki/quilldeck/internal/domain/models/document.go:49.59,51.3 1 1
github/k-tsurumaki/quilldeck/internal/domain/models/document.go:52.2,52.12 1 1
github/k-tsurumaki/quilldeck/internal/domain/models/document.go:55.36,58.2 2 1
github/k-tsurumaki/quilldeck/internal/domain/models/document.go:60.39,62.2 1 1
github/k-tsurumaki/quilldeck/internal/domain/models/summary.go:27.105,37.2 1 1
github/k-tsurumaki/quilldeck/internal/domain/models/summary.go:39.36,40.30 1 1
github/k-tsurumaki/quilldeck/internal/domain/models/summary.go:40.30,42.3 1 1
github/k-tsurumaki/quilldeck/internal/domain/models/summary.go:43.2,43.21 1 1
github/k-tsurumaki/quilldeck/internal/domain/models/summary.go:43.21,45.3 1 1
github/k-tsurumaki/quilldeck/internal/domain/models/summary.go:46.2,46.104 1 1
github/k-tsurumaki/quilldeck/internal/domain/models/summary.go:46.104,48.3 1 1
github/k-tsurumaki/quilldeck/internal/domain/models/summary.go:49.2,49.12 1 1
github/k-tsurumaki/quilldeck/internal/domain/models/summary.go:52.49,55.2 2 1
github/k-tsurumaki/quilldeck/internal/domain/models/user.go:18.50,27.2 1 1
github/k-tsurumaki/quilldeck/internal/domain/models/user.go:29.33,30.19 1 1
github/k-tsurumaki/quilldeck/internal/domain/models/user.go:30.19,32.3 1 1
github/k-tsurumaki/quilldeck/internal/domain/models/user.go:33.2,33.22 1 1
github/k-tsurumaki/quilldeck/internal/domain/models/user.go:33.22,35.3 1 1
github/k-tsurumaki/quilldeck/internal/domain/models/user.go:36.2,36.18 1 1
github/k-tsurumaki/quilldeck/internal/domain/models/user.go:36.18,38.3 1 1
github/k-tsurumaki/quilldeck/internal/domain/models/user.go:39.2,39.12 1 1
github/k-tsurumaki/quilldeck/internal/domain/models/user.go:47.42,49.2 1 1
github/k-tsurumaki/quilldeck/tests/unit/domain/service/mocks/user_repository.go:15.83,18.2 2 0
github/k-tsurumaki/quilldeck/tests/unit/domain/service/mocks/user_repository.go:20.95,22.24 2 0
github/k-tsurumaki/quilldeck/tests/unit/domain/service/mocks/user_repository.go:22.24,24.3 1 0
github/k-tsurumaki/quilldeck/tests/unit/domain/service/mocks/user_repository.go:25.2,25.50 1 0
github/k-tsurumaki/quilldeck/tests/unit/domain/service/mocks/user_repository.go:28.98,30.24 2 0
github/k-tsurumaki/quilldeck/tests/unit/domain/service/mocks/user_repository.go:30.24,32.3 1 0
github/k-tsurumaki/quilldeck/tests/unit/domain/service/mocks/user_repository.go:33.2,33.50 1 0
github/k-tsurumaki/quilldeck/tests/unit/domain/service/mocks/user_repository.go:36.83,39.2 2 0
github/k-tsurumaki/quilldeck/tests/unit/domain/service/mocks/user_repository.go:41.78,44.2 2 0
github/k-tsurumaki/quilldeck/internal/domain/models/document.go:27.103,37.2 1 0
github/k-tsurumaki/quilldeck/internal/domain/models/document.go:39.37,40.26 1 0
github/k-tsurumaki/quilldeck/internal/domain/models/document.go:40.26,42.3 1 0
github/k-tsurumaki/quilldeck/internal/domain/models/document.go:43.2,43.19 1 0
github/k-tsurumaki/quilldeck/internal/domain/models/document.go:43.19,45.3 1 0
github/k-tsurumaki/quilldeck/internal/domain/models/document.go:46.2,46.21 1 0
github/k-tsurumaki/quilldeck/internal/domain/models/document.go:46.21,48.3 1 0
github/k-tsurumaki/quilldeck/internal/domain/models/document.go:49.2,49.59 1 0
github/k-tsurumaki/quilldeck/internal/domain/models/document.go:49.59,51.3 1 0
github/k-tsurumaki/quilldeck/internal/domain/models/document.go:52.2,52.12 1 0
github/k-tsurumaki/quilldeck/internal/domain/models/document.go:55.36,58.2 2 0
github/k-tsurumaki/quilldeck/internal/domain/models/document.go:60.39,62.2 1 0
github/k-tsurumaki/quilldeck/internal/domain/models/summary.go:27.105,37.2 1 0
github/k-tsurumaki/quilldeck/internal/domain/models/summary.go:39.36,40.30 1 0
github/k-tsurumaki/quilldeck/internal/domain/models/summary.go:40.30,42.3 1 0
github/k-tsurumaki/quilldeck/internal/domain/models/summary.go:43.2,43.21 1 0
github/k-tsurumaki/quilldeck/internal/domain/models/summary.go:43.21,45.3 1 0
github/k-tsurumaki/quilldeck/internal/domain/models/summary.go:46.2,46.104 1 0
github/k-tsurumaki/quilldeck/internal/domain/models/summary.go:46.104,48.3 1 0
github/k-tsurumaki/quilldeck/internal/domain/models/summary.go:49.2,49.12 1 0
github/k-tsurumaki/quilldeck/internal/domain/models/summary.go:52.49,55.2 2 0
github/k-tsurumaki/quilldeck/internal/domain/models/user.go:18.50,27.2 1 1
github/k-tsurumaki/quilldeck/internal/domain/models/user.go:29.33,30.19 1 1
github/k-tsurumaki/quilldeck/internal/domain/models/user.go:30.19,32.3 1 1
github/k-tsurumaki/quilldeck/internal/domain/models/user.go:33.2,33.22 1 1
github/k-tsurumaki/quilldeck/internal/domain/models/user.go:33.22,35.3 1 0
github/k-tsurumaki/quilldeck/internal/domain/models/user.go:36.2,36.18 1 1
github/k-tsurumaki/quilldeck/internal/domain/models/user.go:36.18,38.3 1 0
github/k-tsurumaki/quilldeck/internal/domain/models/user.go:39.2,39.12 1 1
github/k-tsurumaki/quilldeck/internal/domain/models/user.go:47.42,49.2 1 1
github/k-tsurumaki/quilldeck/internal/domain/service/auth.go:18.70,20.2 1 1
github/k-tsurumaki/quilldeck/internal/domain/service/auth.go:22.105,24.39 2 1
github/k-tsurumaki/quilldeck/internal/domain/service/auth.go:24.39,26.3 1 1
github/k-tsurumaki/quilldeck/internal/domain/service/auth.go:28.2,31.40 3 1
github/k-tsurumaki/quilldeck/internal/domain/service/auth.go:31.40,33.3 1 1
github/k-tsurumaki/quilldeck/internal/domain/service/auth.go:35.2,35.53 1 1
github/k-tsurumaki/quilldeck/internal/domain/service/auth.go:35.53,37.3 1 0
github/k-tsurumaki/quilldeck/internal/domain/service/auth.go:39.2,39.18 1 1
github/k-tsurumaki/quilldeck/internal/domain/service/auth.go:42.96,44.16 2 1
github/k-tsurumaki/quilldeck/internal/domain/service/auth.go:44.16,46.3 1 1
github/k-tsurumaki/quilldeck/internal/domain/service/auth.go:48.2,49.37 2 1
github/k-tsurumaki/quilldeck/internal/domain/service/auth.go:49.37,51.3 1 1
github/k-tsurumaki/quilldeck/internal/domain/service/auth.go:53.2,53.18 1 1
github/k-tsurumaki/quilldeck/internal/domain/service/auth.go:56.92,58.16 2 0
github/k-tsurumaki/quilldeck/internal/domain/service/auth.go:58.16,60.3 1 0
github/k-tsurumaki/quilldeck/internal/domain/service/auth.go:61.2,61.18 1 0
github/k-tsurumaki/quilldeck/internal/domain/service/auth.go:64.60,67.2 2 1
github/k-tsurumaki/quilldeck/internal/domain/service/document.go:18.123,23.2 1 0
github/k-tsurumaki/quilldeck/internal/domain/service/document.go:25.159,28.44 2 0
github/k-tsurumaki/quilldeck/internal/domain/service/document.go:28.44,30.3 1 0
github/k-tsurumaki/quilldeck/internal/domain/service/document.go:32.2,32.56 1 0
github/k-tsurumaki/quilldeck/internal/domain/service/document.go:32.56,34.3 1 0
github/k-tsurumaki/quilldeck/internal/domain/service/document.go:36.2,36.22 1 0
github/k-tsurumaki/quilldeck/internal/domain/service/document.go:39.108,41.16 2 0
github/k-tsurumaki/quilldeck/internal/domain/service/document.go:41.16,43.3 1 0
github/k-tsurumaki/quilldeck/internal/domain/service/document.go:44.2,44.22 1 0
github/k-tsurumaki/quilldeck/internal/domain/service/document.go:47.111,49.16 2 0
github/k-tsurumaki/quilldeck/internal/domain/service/document.go:49.16,51.3 1 0
github/k-tsurumaki/quilldeck/internal/domain/service/document.go:52.2,52.23 1 0
github/k-tsurumaki/quilldeck/internal/domain/service/document.go:55.140,57.16 2 0
github/k-tsurumaki/quilldeck/internal/domain/service/document.go:57.16,59.3 1 0
github/k-tsurumaki/quilldeck/internal/domain/service/document.go:62.2,67.43 4 0
github/k-tsurumaki/quilldeck/internal/domain/service/document.go:67.43,69.3 1 0
github/k-tsurumaki/quilldeck/internal/domain/service/document.go:71.2,71.59 1 0
github/k-tsurumaki/quilldeck/internal/domain/service/document.go:71.59,73.3 1 0
github/k-tsurumaki/quilldeck/internal/domain/service/document.go:76.2,77.56 2 0
github/k-tsurumaki/quilldeck/internal/domain/service/document.go:77.56,79.3 1 0
github/k-tsurumaki/quilldeck/internal/domain/service/document.go:81.2,81.21 1 0
github/k-tsurumaki/quilldeck/internal/domain/service/document.go:84.101,88.16 3 0
github/k-tsurumaki/quilldeck/internal/domain/service/document.go:89.33,90.19 1 0
github/k-tsurumaki/quilldeck/internal/domain/service/document.go:91.34,92.19 1 0
github/k-tsurumaki/quilldeck/internal/domain/service/document.go:93.32,94.20 1 0
github/k-tsurumaki/quilldeck/internal/domain/service/document.go:95.10,96.19 1 0
github/k-tsurumaki/quilldeck/internal/domain/service/document.go:99.2,99.36 1 0
github/k-tsurumaki/quilldeck/internal/domain/service/document.go:99.36,101.3 1 0
github/k-tsurumaki/quilldeck/internal/domain/service/document.go:103.2,103.58 1 0
github/k-tsurumaki/quilldeck/internal/domain/service/document.go:106.68,110.29 3 0
github/k-tsurumaki/quilldeck/internal/domain/service/document.go:110.29,111.20 1 0
github/k-tsurumaki/quilldeck/internal/domain/service/document.go:111.20,113.4 1 0
github/k-tsurumaki/quilldeck/internal/domain/service/document.go:116.2,117.38 2 0
github/k-tsurumaki/quilldeck/internal/domain/service/document.go:117.38,118.16 1 0
github/k-tsurumaki/quilldeck/internal/domain/service/document.go:118.16,120.4 1 0
github/k-tsurumaki/quilldeck/internal/domain/service/document.go:123.2,123.23 1 0
github/k-tsurumaki/quilldeck/internal/domain/service/document.go:123.23,125.3 1 0
github/k-tsurumaki/quilldeck/internal/domain/service/document.go:127.2,127.17 1 0
github/k-tsurumaki/quilldeck/internal/pkg/errors/errors.go:11.35,12.18 1 1
github/k-tsurumaki/quilldeck/internal/pkg/errors/errors.go:12.18,14.3 1 1
github/k-tsurumaki/quilldeck/internal/pkg/errors/errors.go:15.2,15.49 1 1
github/k-tsurumaki/quilldeck/internal/pkg/errors/errors.go:18.42,20.2 1 1
github/k-tsurumaki/quilldeck/internal/pkg/errors/errors.go:22.54,24.2 1 1
github/k-tsurumaki/quilldeck/tests/unit/domain/service/mocks/user_repository.go:15.83,18.2 2 1
github/k-tsurumaki/quilldeck/tests/unit/domain/service/mocks/user_repository.go:20.95,22.24 2 0
github/k-tsurumaki/quilldeck/tests/unit/domain/service/mocks/user_repository.go:22.24,24.3 1 0
github/k-tsurumaki/quilldeck/tests/unit/domain/service/mocks/user_repository.go:25.2,25.50 1 0
github/k-tsurumaki/quilldeck/tests/unit/domain/service/mocks/user_repository.go:28.98,30.24 2 1
github/k-tsurumaki/quilldeck/tests/unit/domain/service/mocks/user_repository.go:30.24,32.3 1 1
github/k-tsurumaki/quilldeck/tests/unit/domain/service/mocks/user_repository.go:33.2,33.50 1 1
github/k-tsurumaki/quilldeck/tests/unit/domain/service/mocks/user_repository.go:36.83,39.2 2 0
github/k-tsurumaki/quilldeck/tests/unit/domain/service/mocks/user_repository.go:41.78,44.2 2 0
